Build started 12/05/2019 16:09:00.
     1>Project "C:\Users\Tomer\Documents\Visual Studio 2010\Projects\ex2\ex2\ex2.vcxproj" on node 2 (build target(s)).
     1>InitializeBuildStatus:
         Creating "Debug\ex2.unsuccessfulbuild" because "AlwaysCreate" was specified.
       ClCompile:
         c:\Program Files (x86)\Microsoft Visual Studio 10.0\VC\bin\CL.exe /c /ZI /nologo /W3 /WX- /Od /Oy- /D WIN32 /D _DEBUG /D _CONSOLE /D _UNICODE /D UNICODE /Gm /EHsc /RTC1 /MDd /GS /fp:precise /Zc:wchar_t /Zc:forScope /Fo"Debug\\" /Fd"Debug\vc100.pdb" /Gd /TP /analyze- /errorReport:prompt ex2.cpp
         ex2.cpp
     1>c:\program files (x86)\microsoft visual studio 10.0\vc\include\xutility(2403): warning C4996: 'std::_Copy_n': Function call with parameters that may be unsafe - this call relies on the caller to check that the passed values are correct. To disable this warning, use -D_SCL_SECURE_NO_WARNINGS. See documentation on how to use Visual C++ 'Checked Iterators'
                 c:\program files (x86)\microsoft visual studio 10.0\vc\include\xutility(2384) : see declaration of 'std::_Copy_n'
                 c:\users\tomer\documents\visual studio 2010\projects\ex2\ex2\ex2.cpp(133) : see reference to function template instantiation '_OutIt std::copy_n<atom*,_Ty,atom*>(_InIt,_Diff,_OutIt)' being compiled
                 with
                 [
                     _OutIt=atom *,
                     _Ty=int,
                     _InIt=atom *,
                     _Diff=int
                 ]
     1>c:\program files (x86)\microsoft visual studio 10.0\vc\include\xutility(2403): warning C4996: 'std::_Copy_n': Function call with parameters that may be unsafe - this call relies on the caller to check that the passed values are correct. To disable this warning, use -D_SCL_SECURE_NO_WARNINGS. See documentation on how to use Visual C++ 'Checked Iterators'
                 c:\program files (x86)\microsoft visual studio 10.0\vc\include\xutility(2384) : see declaration of 'std::_Copy_n'
                 c:\users\tomer\documents\visual studio 2010\projects\ex2\ex2\ex2.cpp(142) : see reference to function template instantiation '_OutIt std::copy_n<neutron*,_Ty,neutron*>(_InIt,_Diff,_OutIt)' being compiled
                 with
                 [
                     _OutIt=neutron *,
                     _Ty=int,
                     _InIt=neutron *,
                     _Diff=int
                 ]
     1>c:\program files (x86)\microsoft visual studio 10.0\vc\include\xutility(2403): warning C4996: 'std::_Copy_n': Function call with parameters that may be unsafe - this call relies on the caller to check that the passed values are correct. To disable this warning, use -D_SCL_SECURE_NO_WARNINGS. See documentation on how to use Visual C++ 'Checked Iterators'
                 c:\program files (x86)\microsoft visual studio 10.0\vc\include\xutility(2384) : see declaration of 'std::_Copy_n'
                 c:\users\tomer\documents\visual studio 2010\projects\ex2\ex2\ex2.cpp(151) : see reference to function template instantiation '_OutIt std::copy_n<Boom*,_Ty,Boom*>(_InIt,_Diff,_OutIt)' being compiled
                 with
                 [
                     _OutIt=Boom *,
                     _Ty=int,
                     _InIt=Boom *,
                     _Diff=int
                 ]
     1>c:\program files (x86)\microsoft visual studio 10.0\vc\include\xutility(2403): warning C4996: 'std::_Copy_n': Function call with parameters that may be unsafe - this call relies on the caller to check that the passed values are correct. To disable this warning, use -D_SCL_SECURE_NO_WARNINGS. See documentation on how to use Visual C++ 'Checked Iterators'
                 c:\program files (x86)\microsoft visual studio 10.0\vc\include\xutility(2384) : see declaration of 'std::_Copy_n'
                 c:\users\tomer\documents\visual studio 2010\projects\ex2\ex2\ex2.cpp(160) : see reference to function template instantiation '_OutIt std::copy_n<int*,_Ty,int*>(_InIt,_Diff,_OutIt)' being compiled
                 with
                 [
                     _OutIt=int *,
                     _Ty=int,
                     _InIt=int *,
                     _Diff=int
                 ]
       ManifestResourceCompile:
         All outputs are up-to-date.
       Link:
         c:\Program Files (x86)\Microsoft Visual Studio 10.0\VC\bin\link.exe /ERRORREPORT:PROMPT /OUT:"C:\Users\Tomer\Documents\Visual Studio 2010\Projects\ex2\Debug\ex2.exe" /INCREMENTAL /NOLOGO kernel32.lib user32.lib gdi32.lib winspool.lib comdlg32.lib advapi32.lib shell32.lib ole32.lib oleaut32.lib uuid.lib odbc32.lib odbccp32.lib /MANIFEST /ManifestFile:"Debug\ex2.exe.intermediate.manifest" /MANIFESTUAC:"level='asInvoker' uiAccess='false'" /DEBUG /PDB:"C:\Users\Tomer\Documents\Visual Studio 2010\Projects\ex2\Debug\ex2.pdb" /SUBSYSTEM:CONSOLE /TLBID:1 /DYNAMICBASE /NXCOMPAT /IMPLIB:"C:\Users\Tomer\Documents\Visual Studio 2010\Projects\ex2\Debug\ex2.lib" /MACHINE:X86 Debug\ex2.exe.embed.manifest.res
         Debug\ex2.obj
       Manifest:
         C:\Program Files (x86)\Microsoft SDKs\Windows\v7.0A\bin\mt.exe /nologo /verbose /out:"Debug\ex2.exe.embed.manifest" /manifest Debug\ex2.exe.intermediate.manifest
         All outputs are up-to-date.
       LinkEmbedManifest:
         All outputs are up-to-date.
         ex2.vcxproj -> C:\Users\Tomer\Documents\Visual Studio 2010\Projects\ex2\Debug\ex2.exe
       FinalizeBuildStatus:
         Deleting file "Debug\ex2.unsuccessfulbuild".
         Touching "Debug\ex2.lastbuildstate".
     1>Done Building Project "C:\Users\Tomer\Documents\Visual Studio 2010\Projects\ex2\ex2\ex2.vcxproj" (build target(s)).

Build succeeded.

Time Elapsed 00:00:02.53
