Build started 12/05/2019 19:25:33.
     1>Project "c:\Users\Tomer\documents\visual studio 2010\Projects\ex3\ex3\ex3.vcxproj" on node 2 (build target(s)).
     1>InitializeBuildStatus:
         Creating "Debug\ex3.unsuccessfulbuild" because "AlwaysCreate" was specified.
       ClCompile:
         c:\Program Files (x86)\Microsoft Visual Studio 10.0\VC\bin\CL.exe /c /ZI /nologo /W3 /WX- /Od /Oy- /D WIN32 /D _DEBUG /D _CONSOLE /D _UNICODE /D UNICODE /Gm /EHsc /RTC1 /MDd /GS /fp:precise /Zc:wchar_t /Zc:forScope /Fo"Debug\\" /Fd"Debug\vc100.pdb" /Gd /TP /analyze- /errorReport:prompt ex3.cpp
         ex3.cpp
     1>c:\users\tomer\documents\visual studio 2010\projects\ex3\ex3\ex3.cpp(56): warning C4018: '<' : signed/unsigned mismatch
     1>c:\users\tomer\documents\visual studio 2010\projects\ex3\ex3\ex3.cpp(366): warning C4018: '<' : signed/unsigned mismatch
     1>c:\users\tomer\documents\visual studio 2010\projects\ex3\ex3\ex3.cpp(375): warning C4018: '<' : signed/unsigned mismatch
     1>c:\program files (x86)\microsoft visual studio 10.0\vc\include\xutility(2403): warning C4996: 'std::_Copy_n': Function call with parameters that may be unsafe - this call relies on the caller to check that the passed values are correct. To disable this warning, use -D_SCL_SECURE_NO_WARNINGS. See documentation on how to use Visual C++ 'Checked Iterators'
                 c:\program files (x86)\microsoft visual studio 10.0\vc\include\xutility(2384) : see declaration of 'std::_Copy_n'
                 c:\users\tomer\documents\visual studio 2010\projects\ex3\ex3\ex3.cpp(180) : see reference to function template instantiation '_OutIt std::copy_n<wordDat*,_Ty,wordDat*>(_InIt,_Diff,_OutIt)' being compiled
                 with
                 [
                     _OutIt=wordDat *,
                     _Ty=int,
                     _InIt=wordDat *,
                     _Diff=int
                 ]
       ManifestResourceCompile:
         All outputs are up-to-date.
       Link:
         c:\Program Files (x86)\Microsoft Visual Studio 10.0\VC\bin\link.exe /ERRORREPORT:PROMPT /OUT:"c:\users\tomer\documents\visual studio 2010\Projects\ex3\Debug\ex3.exe" /INCREMENTAL /NOLOGO kernel32.lib user32.lib gdi32.lib winspool.lib comdlg32.lib advapi32.lib shell32.lib ole32.lib oleaut32.lib uuid.lib odbc32.lib odbccp32.lib /MANIFEST /ManifestFile:"Debug\ex3.exe.intermediate.manifest" /MANIFESTUAC:"level='asInvoker' uiAccess='false'" /DEBUG /PDB:"c:\users\tomer\documents\visual studio 2010\Projects\ex3\Debug\ex3.pdb" /SUBSYSTEM:CONSOLE /TLBID:1 /DYNAMICBASE /NXCOMPAT /IMPLIB:"c:\users\tomer\documents\visual studio 2010\Projects\ex3\Debug\ex3.lib" /MACHINE:X86 Debug\ex3.exe.embed.manifest.res
         Debug\ex3.obj
       Manifest:
         C:\Program Files (x86)\Microsoft SDKs\Windows\v7.0A\bin\mt.exe /nologo /verbose /out:"Debug\ex3.exe.embed.manifest" /manifest Debug\ex3.exe.intermediate.manifest
         All outputs are up-to-date.
       LinkEmbedManifest:
         All outputs are up-to-date.
         ex3.vcxproj -> c:\users\tomer\documents\visual studio 2010\Projects\ex3\Debug\ex3.exe
       FinalizeBuildStatus:
         Deleting file "Debug\ex3.unsuccessfulbuild".
         Touching "Debug\ex3.lastbuildstate".
     1>Done Building Project "c:\Users\Tomer\documents\visual studio 2010\Projects\ex3\ex3\ex3.vcxproj" (build target(s)).

Build succeeded.

Time Elapsed 00:00:01.03
